Arguments: 
  /usr/local/bin/node /usr/local/bin/yarn

PATH: 
  /usr/local/bin:/usr/bin:/bin:/usr/sbin:/sbin:/Library/Apple/usr/bin

Yarn version: 
  1.22.5

Node version: 
  12.18.3

Platform: 
  darwin x64

Trace: 
  SyntaxError: /Users/mengkeniu/niumengke/study/lagou/front_study_lagou/front_end_engineering/module2/codes/webpack/14-sideEffects/package.json: Unexpected token / in JSON at position 603
      at JSON.parse (<anonymous>)
      at /usr/local/lib/node_modules/yarn/lib/cli.js:1625:59
      at Generator.next (<anonymous>)
      at step (/usr/local/lib/node_modules/yarn/lib/cli.js:310:30)
      at /usr/local/lib/node_modules/yarn/lib/cli.js:321:13

npm manifest: 
  {
    "name": "05-webpack-dev-server",
    "version": "1.0.0",
    "main": "index.js",
    "license": "MIT",
    "devDependencies": {
      "@babel/core": "^7.14.3",
      "@babel/preset-env": "^7.14.4",
      "babel-loader": "^8.2.2",
      "clean-webpack-plugin": "^3.0.0",
      "copy-webpack-plugin": "^5.0.4",
      "css-loader": "^3.2.0",
      "file-loader": "^4.2.0",
      "html-loader": "^2.1.2",
      "html-webpack-plugin": "^3.2.0",
      "style-loader": "^1.0.0",
      "url-loader": "^2.2.0",
      "webpack": "^4.40.2",
      "webpack-cli": "^3.3.9",
      "webpack-dev-server": "^3.8.2",
      "webpack-merge": "^5.7.3"
    }
    // "sideEffect": false
  }

yarn manifest: 
  No manifest

Lockfile: 
  No lockfile
