Arguments: 
  /usr/local/bin/node /usr/local/bin/yarn add @babel/core @babel/cli @bable/preset-flow --dev

PATH: 
  /usr/local/bin:/usr/bin:/bin:/usr/sbin:/sbin:/Library/Apple/usr/bin

Yarn version: 
  1.22.5

Node version: 
  12.18.3

Platform: 
  darwin x64

Trace: 
  Error: https://registry.npm.taobao.org/@bable%2fpreset-flow: Not found
      at Request.params.callback [as _callback] (/usr/local/lib/node_modules/yarn/lib/cli.js:66988:18)
      at Request.self.callback (/usr/local/lib/node_modules/yarn/lib/cli.js:140662:22)
      at Request.emit (events.js:315:20)
      at Request.<anonymous> (/usr/local/lib/node_modules/yarn/lib/cli.js:141634:10)
      at Request.emit (events.js:315:20)
      at IncomingMessage.<anonymous> (/usr/local/lib/node_modules/yarn/lib/cli.js:141556:12)
      at Object.onceWrapper (events.js:421:28)
      at IncomingMessage.emit (events.js:327:22)
      at endReadableNT (_stream_readable.js:1220:12)
      at processTicksAndRejections (internal/process/task_queues.js:84:21)

npm manifest: 
  {
    "name": "codes",
    "version": "1.0.0",
    "main": "index.js",
    "license": "MIT",
    "devDependencies": {
      "flow-bin": "^0.149.0",
      "flow-remove-types": "^2.149.0"
    }
  }

yarn manifest: 
  No manifest

Lockfile: 
  # THIS IS AN AUTOGENERATED FILE. DO NOT EDIT THIS FILE DIRECTLY.
  # yarn lockfile v1
  
  
  flow-bin@^0.149.0:
    version "0.149.0"
    resolved "https://registry.nlark.com/flow-bin/download/flow-bin-0.149.0.tgz#9bac6dd3074bf4740c014b333a2f6fdeaf393cf9"
    integrity sha1-m6xt0wdL9HQMAUszOi9v3q85PPk=
  
  flow-parser@^0.149.0:
    version "0.149.0"
    resolved "https://registry.npm.taobao.org/flow-parser/download/flow-parser-0.149.0.tgz?cache=0&sync_timestamp=1618452955838&other_urls=https%3A%2F%2Fregistry.npm.taobao.org%2Fflow-parser%2Fdownload%2Fflow-parser-0.149.0.tgz#6e5749ad832ba211968429accdb6a3858706e4f8"
    integrity sha1-bldJrYMrohGWhCmszbajhYcG5Pg=
  
  flow-remove-types@^2.149.0:
    version "2.149.0"
    resolved "https://registry.npm.taobao.org/flow-remove-types/download/flow-remove-types-2.149.0.tgz#aea0d9e10772d2b8d4a9a240c6b40b4e5fa89d9a"
    integrity sha1-rqDZ4Qdy0rjUqaJAxrQLTl+onZo=
    dependencies:
      flow-parser "^0.149.0"
      pirates "^3.0.2"
      vlq "^0.2.1"
  
  node-modules-regexp@^1.0.0:
    version "1.0.0"
    resolved "https://registry.npm.taobao.org/node-modules-regexp/download/node-modules-regexp-1.0.0.tgz#8d9dbe28964a4ac5712e9131642107c71e90ec40"
    integrity sha1-jZ2+KJZKSsVxLpExZCEHxx6Q7EA=
  
  pirates@^3.0.2:
    version "3.0.2"
    resolved "https://registry.npm.taobao.org/pirates/download/pirates-3.0.2.tgz#7e6f85413fd9161ab4e12b539b06010d85954bb9"
    integrity sha1-fm+FQT/ZFhq04StTmwYBDYWVS7k=
    dependencies:
      node-modules-regexp "^1.0.0"
  
  vlq@^0.2.1:
    version "0.2.3"
    resolved "https://registry.npm.taobao.org/vlq/download/vlq-0.2.3.tgz#8f3e4328cf63b1540c0d67e1b2778386f8975b26"
    integrity sha1-jz5DKM9jsVQMDWfhsneDhviXWyY=
